1595437620536	mozrunner::runner	INFO	Running command: "C:\\Program Files\\Mozilla Firefox\\firefox.exe" "-marionette" "-foreground" "-no-remote" "-profile" "C:\\Users\\IBRAHI~1\\AppData\\Local\\Temp\\rust_mozprofilejGHsns"
1595437648205	mozrunner::runner	INFO	Running command: "C:\\Program Files\\Mozilla Firefox\\firefox.exe" "-marionette" "-foreground" "-no-remote" "-profile" "C:\\Users\\IBRAHI~1\\AppData\\Local\\Temp\\rust_mozprofilehymJe2"
JavaScript error: resource://gre/modules/XULStore.jsm, line 66: Error: Can't find profile directory.
1595437651611	Marionette	INFO	Listening on port 53779
1595437651823	Marionette	WARN	TLS certificate errors will be ignored for this session
JavaScript error: resource:///modules/UrlbarInput.jsm, line 2140: TypeError: event.target.closest is not a function
1595437665916	Marionette	INFO	Stopped listening on port 53779

###!!! [Child][RunMessage] Error: Channel closing: too late to send/recv, messages will be lost


###!!! [Child][MessageChannel::SendAndWait] Error: Channel error: cannot send/recv

1595437768720	mozrunner::runner	INFO	Running command: "C:\\Program Files\\Mozilla Firefox\\firefox.exe" "-marionette" "-foreground" "-no-remote" "-profile" "C:\\Users\\IBRAHI~1\\AppData\\Local\\Temp\\rust_mozprofilewHvT3o"
JavaScript error: resource://gre/modules/XULStore.jsm, line 66: Error: Can't find profile directory.
1595437771041	Marionette	INFO	Listening on port 54069
1595437771329	Marionette	WARN	TLS certificate errors will be ignored for this session
1595437777403	Marionette	INFO	Stopped listening on port 54069

###!!! [Child][MessageChannel::SendAndWait] Error: Channel error: cannot send/recv

1595437936614	mozrunner::runner	INFO	Running command: "C:\\Program Files\\Mozilla Firefox\\firefox.exe" "-marionette" "-foreground" "-no-remote" "-profile" "C:\\Users\\IBRAHI~1\\AppData\\Local\\Temp\\rust_mozprofileRCtzXh"
JavaScript error: resource://gre/modules/XULStore.jsm, line 66: Error: Can't find profile directory.
1595437939368	Marionette	INFO	Listening on port 54546
1595437939740	Marionette	WARN	TLS certificate errors will be ignored for this session
JavaScript error: resource://gre/modules/URIFixup.jsm, line 281: NS_ERROR_FAILURE: Should pass a non-null uri
1595437955235	Marionette	INFO	Stopped listening on port 54546

###!!! [Child][RunMessage] Error: Channel closing: too late to send/recv, messages will be lost


###!!! [Child][MessageChannel::SendAndWait] Error: Channel error: cannot send/recv

1595441539806	mozrunner::runner	INFO	Running command: "C:\\Program Files\\Mozilla Firefox\\firefox.exe" "-marionette" "-foreground" "-no-remote" "-profile" "C:\\Users\\IBRAHI~1\\AppData\\Local\\Temp\\rust_mozprofileh5ZnAN"
JavaScript error: resource://gre/modules/XULStore.jsm, line 66: Error: Can't find profile directory.
1595441543275	Marionette	INFO	Listening on port 61711
1595441543422	Marionette	WARN	TLS certificate errors will be ignored for this session
1595441562037	Marionette	INFO	Stopped listening on port 61711

###!!! [Child][RunMessage] Error: Channel closing: too late to send/recv, messages will be lost


###!!! [Child][MessageChannel::SendAndWait] Error: Channel error: cannot send/recv

1595441612547	mozrunner::runner	INFO	Running command: "C:\\Program Files\\Mozilla Firefox\\firefox.exe" "-marionette" "-foreground" "-no-remote" "-profile" "C:\\Users\\IBRAHI~1\\AppData\\Local\\Temp\\rust_mozprofilegBfyuo"
JavaScript error: resource://gre/modules/XULStore.jsm, line 66: Error: Can't find profile directory.
1595441615728	Marionette	INFO	Listening on port 61866
1595441616158	Marionette	WARN	TLS certificate errors will be ignored for this session
console.error: "Store does not have a valid reducer. Make sure the argument passed to combineReducers is an object whose values are reducers."
1595441685692	Marionette	INFO	Stopped listening on port 61866

###!!! [Child][RunMessage] Error: Channel closing: too late to send/recv, messages will be lost


###!!! [Child][MessageChannel::SendAndWait] Error: Channel error: cannot send/recv

1595441833529	mozrunner::runner	INFO	Running command: "C:\\Program Files\\Mozilla Firefox\\firefox.exe" "-marionette" "-foreground" "-no-remote" "-profile" "C:\\Users\\IBRAHI~1\\AppData\\Local\\Temp\\rust_mozprofile3osM2W"
JavaScript error: resource://gre/modules/XULStore.jsm, line 66: Error: Can't find profile directory.
1595441836407	Marionette	INFO	Listening on port 62458
1595441836644	Marionette	WARN	TLS certificate errors will be ignored for this session
console.error: "Store does not have a valid reducer. Make sure the argument passed to combineReducers is an object whose values are reducers."
1595441879876	Marionette	INFO	Stopped listening on port 62458

###!!! [Child][RunMessage] Error: Channel closing: too late to send/recv, messages will be lost


###!!! [Child][MessageChannel::SendAndWait] Error: Channel error: cannot send/recv

1595441985369	mozrunner::runner	INFO	Running command: "C:\\Program Files\\Mozilla Firefox\\firefox.exe" "-marionette" "-foreground" "-no-remote" "-profile" "C:\\Users\\IBRAHI~1\\AppData\\Local\\Temp\\rust_mozprofilekCgSdu"
JavaScript error: resource://gre/modules/XULStore.jsm, line 66: Error: Can't find profile directory.
1595441988289	Marionette	INFO	Listening on port 62776
1595441988490	Marionette	WARN	TLS certificate errors will be ignored for this session
1595442013557	Marionette	INFO	Stopped listening on port 62776

###!!! [Child][RunMessage] Error: Channel closing: too late to send/recv, messages will be lost


###!!! [Child][MessageChannel::SendAndWait] Error: Channel error: cannot send/recv

